2022-10-25 11:45:29.087 [Thread-15] INFO  io.github.biezhi.wechat.api.WechatClient - [*] 正在获取 uuid ... 
2022-10-25 11:45:29.090 [Thread-15] DEBUG io.github.biezhi.wechat.api.WechatApi - [*] 请求 => Request{method=GET, url=https://login.weixin.qq.com/jslogin?appid=wx782c26e4c19acffb&lang=zh_CN&fun=new&_=1666669529089, tag=null}

2022-10-25 11:45:29.370 [Thread-15] DEBUG io.github.biezhi.wechat.api.WechatApi - [*] 响应 => window.QRLogin.code = 200; window.QRLogin.uuid = "4dgw8e5mXg==";
2022-10-25 11:45:29.370 [Thread-15] INFO  io.github.biezhi.wechat.api.WechatClient - [*] 正在获取二维码 ... 成功

2022-10-25 11:45:30.519 [Thread-15] INFO  io.github.biezhi.wechat.api.WechatClient - [*] 请使用微信扫描二维码以登录 ... 

2022-10-25 11:45:30.521 [Thread-15] DEBUG io.github.biezhi.wechat.api.WechatApi - [*] 请求 => Request{method=GET, url=https://wx.qq.com/cgi-bin/mmwebwx-bin/login?tip=1&uuid=4dgw8e5mXg==&_1666669530521, tag=null}

2022-10-25 11:45:55.757 [Thread-15] DEBUG io.github.biezhi.wechat.api.WechatApi - [*] 响应 => window.code=408;
2022-10-25 11:45:55.757 [Thread-15] WARN  io.github.biezhi.wechat.api.WechatApi - [登陆超时] 

2022-10-25 11:45:56.760 [Thread-15] INFO  io.github.biezhi.wechat.api.WechatClient - [*] 请使用微信扫描二维码以登录 ... 

2022-10-25 11:45:56.762 [Thread-15] DEBUG io.github.biezhi.wechat.api.WechatApi - [*] 请求 => Request{method=GET, url=https://wx.qq.com/cgi-bin/mmwebwx-bin/login?tip=1&uuid=4dgw8e5mXg==&_1666669556762, tag=null}

2022-10-25 11:46:21.824 [Thread-15] DEBUG io.github.biezhi.wechat.api.WechatApi - [*] 响应 => window.code=408;
2022-10-25 11:46:21.824 [Thread-15] WARN  io.github.biezhi.wechat.api.WechatApi - [登陆超时] 

2022-10-25 11:46:22.825 [Thread-15] INFO  io.github.biezhi.wechat.api.WechatClient - [*] 请使用微信扫描二维码以登录 ... 

2022-10-25 11:46:22.827 [Thread-15] DEBUG io.github.biezhi.wechat.api.WechatApi - [*] 请求 => Request{method=GET, url=https://wx.qq.com/cgi-bin/mmwebwx-bin/login?tip=1&uuid=4dgw8e5mXg==&_1666669582827, tag=null}

2022-10-25 11:46:23.034 [Thread-19] INFO  io.github.biezhi.wechat.api.WechatClient - [*] 正在获取 uuid ... 
2022-10-25 11:46:23.034 [Thread-19] DEBUG io.github.biezhi.wechat.api.WechatApi - [*] 请求 => Request{method=GET, url=https://login.weixin.qq.com/jslogin?appid=wx782c26e4c19acffb&lang=zh_CN&fun=new&_=1666669583034, tag=null}

2022-10-25 11:46:23.257 [Thread-19] DEBUG io.github.biezhi.wechat.api.WechatApi - [*] 响应 => window.QRLogin.code = 200; window.QRLogin.uuid = "QZwKb83t7Q==";
2022-10-25 11:46:23.257 [Thread-19] INFO  io.github.biezhi.wechat.api.WechatClient - [*] 正在获取二维码 ... 成功

2022-10-25 11:46:24.403 [Thread-19] INFO  io.github.biezhi.wechat.api.WechatClient - [*] 请使用微信扫描二维码以登录 ... 

2022-10-25 11:46:24.405 [Thread-19] DEBUG io.github.biezhi.wechat.api.WechatApi - [*] 请求 => Request{method=GET, url=https://wx.qq.com/cgi-bin/mmwebwx-bin/login?tip=1&uuid=QZwKb83t7Q==&_1666669584405, tag=null}

2022-10-25 11:46:29.158 [Thread-19] DEBUG io.github.biezhi.wechat.api.WechatApi - [*] 响应 => window.code=201;
2022-10-25 11:46:29.158 [Thread-19] INFO  io.github.biezhi.wechat.api.WechatClient - [*] 请在手机上点击确认以登录 ... 

2022-10-25 11:46:29.158 [Thread-19] DEBUG io.github.biezhi.wechat.api.WechatApi - [*] 请求 => Request{method=GET, url=https://wx.qq.com/cgi-bin/mmwebwx-bin/login?tip=0&uuid=QZwKb83t7Q==&_1666669589158, tag=null}

2022-10-25 11:46:38.656 [Thread-19] DEBUG io.github.biezhi.wechat.api.WechatApi - [*] 响应 => window.code=200;
window.redirect_uri="https://wx.qq.com/cgi-bin/mmwebwx-bin/webwxnewloginpage?ticket=AaFoIgMUuh_RaPbRVaZr3rfX@qrticket_0&uuid=QZwKb83t7Q==&lang=zh_CN&scan=1666669586";
2022-10-25 11:46:38.656 [Thread-19] DEBUG io.github.biezhi.wechat.api.WechatApi - [*] 请求 => Request{method=GET, url=https://wx.qq.com/cgi-bin/mmwebwx-bin/webwxnewloginpage?ticket=AaFoIgMUuh_RaPbRVaZr3rfX@qrticket_0&uuid=QZwKb83t7Q==&lang=zh_CN&scan=1666669586&fun=new, tag=null}

2022-10-25 11:46:38.860 [Thread-19] INFO  io.github.biezhi.wechat.api.WechatApi - [*] 设置cookie []
2022-10-25 11:46:47.903 [Thread-15] DEBUG io.github.biezhi.wechat.api.WechatApi - [*] 响应 => window.code=408;
2022-10-25 11:46:47.903 [Thread-15] WARN  io.github.biezhi.wechat.api.WechatApi - [登陆超时] 

2022-10-25 11:46:48.904 [Thread-15] INFO  io.github.biezhi.wechat.api.WechatClient - [*] 请使用微信扫描二维码以登录 ... 

2022-10-25 11:46:48.906 [Thread-15] DEBUG io.github.biezhi.wechat.api.WechatApi - [*] 请求 => Request{method=GET, url=https://wx.qq.com/cgi-bin/mmwebwx-bin/login?tip=1&uuid=QZwKb83t7Q==&_1666669608906, tag=null}

2022-10-25 11:46:48.949 [Thread-15] DEBUG io.github.biezhi.wechat.api.WechatApi - [*] 响应 => window.code=200;
window.redirect_uri="https://wx.qq.com/cgi-bin/mmwebwx-bin/webwxnewloginpage?ticket=AaFoIgMUuh_RaPbRVaZr3rfX@qrticket_0&uuid=QZwKb83t7Q==&lang=zh_CN&scan=1666669586";
2022-10-25 11:46:48.949 [Thread-15] INFO  io.github.biezhi.wechat.api.WechatClient - [*] 请在手机上点击确认以登录 ... 

2022-10-25 11:46:48.949 [Thread-15] DEBUG io.github.biezhi.wechat.api.WechatApi - [*] 请求 => Request{method=GET, url=https://wx.qq.com/cgi-bin/mmwebwx-bin/login?tip=0&uuid=QZwKb83t7Q==&_1666669608949, tag=null}

2022-10-25 11:46:49.001 [Thread-15] DEBUG io.github.biezhi.wechat.api.WechatApi - [*] 响应 => window.code=200;
window.redirect_uri="https://wx.qq.com/cgi-bin/mmwebwx-bin/webwxnewloginpage?ticket=AaFoIgMUuh_RaPbRVaZr3rfX@qrticket_0&uuid=QZwKb83t7Q==&lang=zh_CN&scan=1666669586";
2022-10-25 11:46:49.001 [Thread-15] DEBUG io.github.biezhi.wechat.api.WechatApi - [*] 请求 => Request{method=GET, url=https://wx.qq.com/cgi-bin/mmwebwx-bin/webwxnewloginpage?ticket=AaFoIgMUuh_RaPbRVaZr3rfX@qrticket_0&uuid=QZwKb83t7Q==&lang=zh_CN&scan=1666669586&fun=new, tag=null}

2022-10-25 11:46:49.214 [Thread-15] INFO  io.github.biezhi.wechat.api.WechatApi - [*] 设置cookie []
